Unity Editor version:    2020.3.26f1 (7298b473bc1a)
Branch:                  2020.3/staging
Build type:              Release
Batch mode:              YES
macOS version:           Version 12.0.1 (Build 21A559)
Darwin version:          21.1.0
Architecture:            x86_64
Running under Rosetta:   NO
Available memory:        8192 MB
Using pre-set license
Pro License: NO

COMMAND LINE ARGUMENTS:
/Applications/Unity/2020.3.26f1/Unity.app/Contents/MacOS/Unity
-adb2
-batchMode
-noUpm
-name
AssetImportWorker0
-projectPath
/Users/chitmoewai/VR-Basics-with-XR-Interaction-Toolkit/XRInteractionToolkit_Fundamentals
-logFile
Logs/AssetImportWorker0.log
-srvPort
50966
Successfully changed project path to: /Users/chitmoewai/VR-Basics-with-XR-Interaction-Toolkit/XRInteractionToolkit_Fundamentals
/Users/chitmoewai/VR-Basics-with-XR-Interaction-Toolkit/XRInteractionToolkit_Fundamentals
Using Asset Import Pipeline V2.
Refreshing native plugins compatible for Editor in 151.80 ms, found 3 plugins.
Preloading 1 native plugins for Editor in 10.60 ms.
Initialize engine version: 2020.3.26f1 (7298b473bc1a)
[Subsystems] Discovering subsystems at path /Applications/Unity/2020.3.26f1/Unity.app/Contents/Resources/UnitySubsystems
[Subsystems] Discovering subsystems at path /Users/chitmoewai/VR-Basics-with-XR-Interaction-Toolkit/XRInteractionToolkit_Fundamentals/Assets
GfxDevice: creating device client; threaded=0
2022-02-15 15:37:29.675 Unity[3208:118967] Color LCD preferred device: Intel(R) Iris(TM) Plus Graphics 655 (low power)
2022-02-15 15:37:29.675 Unity[3208:118967] Metal devices available: 1
2022-02-15 15:37:29.675 Unity[3208:118967] 0: Intel(R) Iris(TM) Plus Graphics 655 (low power)
2022-02-15 15:37:29.675 Unity[3208:118967] Using device Intel(R) Iris(TM) Plus Graphics 655 (low power)
Initializing Metal device caps: Intel(R) Iris(TM) Plus Graphics 655
Initialize mono
Mono path[0] = '/Applications/Unity/2020.3.26f1/Unity.app/Contents/Managed'
Mono path[1] = '/Applications/Unity/2020.3.26f1/Unity.app/Contents/MonoBleedingEdge/lib/mono/unityjit'
Mono config path = '/Applications/Unity/2020.3.26f1/Unity.app/Contents/MonoBleedingEdge/etc'
Using monoOptions --debugger-agent=transport=dt_socket,embedding=1,server=y,suspend=n,address=127.0.0.1:56208
Begin MonoManager ReloadAssembly
Registering precompiled unity dll's ...
Register platform support module: /Applications/Unity/2020.3.26f1/Unity.app/Contents/PlaybackEngines/MacStandaloneSupport/UnityEditor.OSXStandalone.Extensions.dll
Registered in 0.002584 seconds.
Native extension for OSXStandalone target not found
Refreshing native plugins compatible for Editor in 71.80 ms, found 3 plugins.
Preloading 1 native plugins for Editor in 0.32 ms.
Mono: successfully reloaded assembly
- Completed reload, in  0.749 seconds
Domain Reload Profiling:
	ReloadAssembly (749ms)
		BeginReloadAssembly (54ms)
			ExecutionOrderSort (0ms)
			DisableScriptedObjects (0ms)
			BackupInstance (0ms)
			ReleaseScriptingObjects (0ms)
			CreateAndSetChildDomain (1ms)
		EndReloadAssembly (604ms)
			LoadAssemblies (55ms)
			RebuildTransferFunctionScriptingTraits (0ms)
			SetupTypeCache (194ms)
			ReleaseScriptCaches (0ms)
			RebuildScriptCaches (47ms)
			SetupLoadedEditorAssemblies (259ms)
				LogAssemblyErrors (0ms)
				InitializePlatformSupportModulesInManaged (7ms)
				SetLoadedEditorAssemblies (0ms)
				RefreshPlugins (72ms)
				BeforeProcessingInitializeOnLoad (35ms)
				ProcessInitializeOnLoadAttributes (113ms)
				ProcessInitializeOnLoadMethodAttributes (32ms)
				AfterProcessingInitializeOnLoad (0ms)
				EditorAssembliesLoaded (0ms)
			ExecutionOrderSort2 (0ms)
			AwakeInstancesAfterBackupRestoration (0ms)
Platform modules already initialized, skipping
Registering precompiled user dll's ...
Registered in 0.011829 seconds.
Begin MonoManager ReloadAssembly
Native extension for OSXStandalone target not found
Refreshing native plugins compatible for Editor in 60.23 ms, found 3 plugins.
Preloading 1 native plugins for Editor in 0.31 ms.
Mono: successfully reloaded assembly
- Completed reload, in  1.442 seconds
Domain Reload Profiling:
	ReloadAssembly (1443ms)
		BeginReloadAssembly (165ms)
			ExecutionOrderSort (0ms)
			DisableScriptedObjects (6ms)
			BackupInstance (0ms)
			ReleaseScriptingObjects (0ms)
			CreateAndSetChildDomain (30ms)
		EndReloadAssembly (1215ms)
			LoadAssemblies (116ms)
			RebuildTransferFunctionScriptingTraits (0ms)
			SetupTypeCache (370ms)
			ReleaseScriptCaches (1ms)
			RebuildScriptCaches (81ms)
			SetupLoadedEditorAssemblies (493ms)
				LogAssemblyErrors (0ms)
				InitializePlatformSupportModulesInManaged (5ms)
				SetLoadedEditorAssemblies (0ms)
				RefreshPlugins (61ms)
				BeforeProcessingInitializeOnLoad (90ms)
				ProcessInitializeOnLoadAttributes (320ms)
				ProcessInitializeOnLoadMethodAttributes (16ms)
				AfterProcessingInitializeOnLoad (1ms)
				EditorAssembliesLoaded (0ms)
			ExecutionOrderSort2 (0ms)
			AwakeInstancesAfterBackupRestoration (7ms)
Platform modules already initialized, skipping
Validating Project structure ... 0.002246 seconds.
Shader import version has changed; will reimport all shaders...
Upgrading shader files ...0.004712 seconds.
Application.AssetDatabase Initial Script Refresh Start
RefreshInfo: InitialScriptRefreshV2(NoUpdateAssetOptions) scanfilter:  ... 1 filters
RefreshProfiler: Total: 0.000ms
Application.AssetDatabase Initial Script Refresh End
Application.AssetDatabase.Refresh Start
Application.AssetDatabase.Refresh End
RefreshInfo: StopAssetImportingV2(ForceSynchronousImport) scanfilter: 
RefreshProfiler: Total: 0.000ms
Launching external process: /Applications/Unity/2020.3.26f1/Unity.app/Contents/Tools/UnityShaderCompiler
Launched and connected shader compiler UnityShaderCompiler after 0.13 seconds
Initializing Unity extensions:
2022-02-15 15:37:34.434 Unity[3208:118967] NSEventModifierFlagFunction specified to -setKeyEquivalentModifierMask: for item <NSMenuItem: 0x600000d67330 Font Asset, ke='Command-F12'>, but is only supported for system-provided menu items; will not be used
2022-02-15 15:37:34.438 Unity[3208:118967] NSEventModifierFlagFunction specified to -setKeyEquivalentModifierMask: for item <NSMenuItem: 0x600000d89880 Font Asset, ke='Command-F12'>, but is only supported for system-provided menu items; will not be used
========================================================================
Worker process is ready to serve import requests
Refreshing native plugins compatible for Editor in 0.68 ms, found 3 plugins.
Preloading 1 native plugins for Editor in 0.32 ms.
Unloading 2364 Unused Serialized files (Serialized files now loaded: 0)
System memory in use before: 260.5 MB.
System memory in use after: 259.7 MB.

Unloading 135 unused Assets to reduce memory usage. Loaded Objects now: 2851.
Total: 11.963418 ms (FindLiveObjects: 1.681091 ms CreateObjectMapping: 0.215564 ms MarkObjects: 9.543007 ms  DeleteObjects: 0.522168 ms)

AssetImportParameters requested are different than current active one (requested -> active):
  custom:video-decoder-ogg-theora: a1e56fd34408186e4bbccfd4996cb3dc -> 
  custom:container-muxer-webm: aa71ff27fc2769a1b78a27578f13a17b -> 
  custom:container-demuxer-webm: 4f35f7cbe854078d1ac9338744f61a02 -> 
  custom:container-demuxer-ogg: 62fdf1f143b41e24485cea50d1cbac27 -> 
  custom:video-encoder-webm-vp8: eb34c28f22e8b96e1ab97ce403110664 -> 
  custom:framework-osx-AVFoundation: e770b220cccbd017edd2c1fefb359320 -> 
  custom:video-decoder-webm-vp8: 9c59270c3fd7afecdb556c50c9e8de78 -> 
  custom:audio-decoder-ogg-vorbis: bf7c407c2cedff20999df2af8eb42d56 -> 
  custom:audio-encoder-webm-vorbis: bf7c407c2cedff20999df2af8eb42d56 -> 
========================================================================
Received Import Request.
  path: Assets/Quiddish Game Assets/Scenes/QuiddishGameScene_XRRigSetup.unity
  artifactKey: Guid(ea049ad1ed5bb4390b0315e03f31cd21) Importer(815301076,1909f56bfc062723c751e8b465ee728b)
Start importing Assets/Quiddish Game Assets/Scenes/QuiddishGameScene_XRRigSetup.unity using Guid(ea049ad1ed5bb4390b0315e03f31cd21) Importer(815301076,1909f56bfc062723c751e8b465ee728b)  -> (artifact id: '4cddac68408e360caf5e6c6faaccf916') in 0.033994 seconds 
  Import took 0.042578 seconds .

========================================================================
Received Prepare
Registering precompiled user dll's ...
Registered in 0.005582 seconds.
Begin MonoManager ReloadAssembly
Native extension for OSXStandalone target not found
Refreshing native plugins compatible for Editor in 0.88 ms, found 3 plugins.
Preloading 1 native plugins for Editor in 0.49 ms.
2022-02-15 15:46:06.079 Unity[3208:118967] NSEventModifierFlagFunction specified to -setKeyEquivalentModifierMask: for item <NSMenuItem: 0x600000d7c620 Font Asset, ke='Command-F12'>, but is only supported for system-provided menu items; will not be used
Mono: successfully reloaded assembly
- Completed reload, in  1.375 seconds
Domain Reload Profiling:
	ReloadAssembly (1377ms)
		BeginReloadAssembly (199ms)
			ExecutionOrderSort (0ms)
			DisableScriptedObjects (12ms)
			BackupInstance (0ms)
			ReleaseScriptingObjects (0ms)
			CreateAndSetChildDomain (110ms)
		EndReloadAssembly (1109ms)
			LoadAssemblies (87ms)
			RebuildTransferFunctionScriptingTraits (0ms)
			SetupTypeCache (378ms)
			ReleaseScriptCaches (1ms)
			RebuildScriptCaches (58ms)
			SetupLoadedEditorAssemblies (437ms)
				LogAssemblyErrors (0ms)
				InitializePlatformSupportModulesInManaged (4ms)
				SetLoadedEditorAssemblies (1ms)
				RefreshPlugins (1ms)
				BeforeProcessingInitializeOnLoad (134ms)
				ProcessInitializeOnLoadAttributes (284ms)
				ProcessInitializeOnLoadMethodAttributes (11ms)
				AfterProcessingInitializeOnLoad (2ms)
				EditorAssembliesLoaded (0ms)
			ExecutionOrderSort2 (0ms)
			AwakeInstancesAfterBackupRestoration (7ms)
Platform modules already initialized, skipping
Switching build target platform(2) subTarget(0) extendedPlatform(0) -> platform(13) subTarget(524294) extendedPlatform(0)
Refreshing native plugins compatible for Editor in 0.82 ms, found 3 plugins.
Preloading 1 native plugins for Editor in 0.34 ms.
Unloading 2314 Unused Serialized files (Serialized files now loaded: 0)
System memory in use before: 249.7 MB.
System memory in use after: 249.6 MB.

Unloading 20 unused Assets to reduce memory usage. Loaded Objects now: 2855.
Total: 3.608846 ms (FindLiveObjects: 0.222994 ms CreateObjectMapping: 0.096247 ms MarkObjects: 3.055540 ms  DeleteObjects: 0.233045 ms)

AssetImportParameters requested are different than current active one (requested -> active):
  custom:video-decoder-ogg-theora: a1e56fd34408186e4bbccfd4996cb3dc -> 
  custom:container-muxer-webm: aa71ff27fc2769a1b78a27578f13a17b -> 
  custom:container-demuxer-webm: 4f35f7cbe854078d1ac9338744f61a02 -> 
  custom:container-demuxer-ogg: 62fdf1f143b41e24485cea50d1cbac27 -> 
  custom:video-encoder-webm-vp8: eb34c28f22e8b96e1ab97ce403110664 -> 
  custom:framework-osx-AVFoundation: e770b220cccbd017edd2c1fefb359320 -> 
  custom:video-decoder-webm-vp8: 9c59270c3fd7afecdb556c50c9e8de78 -> 
  custom:graphics/normal-map-encoding: 01000000000000000000000000000000 -> 02000000000000000000000000000000
  custom:audio-decoder-ogg-vorbis: bf7c407c2cedff20999df2af8eb42d56 -> 
  custom:audio-encoder-webm-vorbis: bf7c407c2cedff20999df2af8eb42d56 -> 
========================================================================
Received Import Request.
  Time since last request: 873.281472 seconds.
  path: Assets/Sun_Temple/Scenes/DemoScene_PostProcessProfile.asset
  artifactKey: Guid(78254f968cc460e408f81c76abc84db0) Importer(815301076,1909f56bfc062723c751e8b465ee728b)
Start importing Assets/Sun_Temple/Scenes/DemoScene_PostProcessProfile.asset using Guid(78254f968cc460e408f81c76abc84db0) Importer(815301076,1909f56bfc062723c751e8b465ee728b)  -> (artifact id: '250c2a7076cdf4ad55298c25c4650701') in 1.593793 seconds 
  Import took 1.630626 seconds .

========================================================================
Received Import Request.
  Time since last request: 3.549528 seconds.
  path: Assets/Sun_Temple/Scenes/PrefabBuildingOverview.unity
  artifactKey: Guid(0341178c4e71bbd4c8d5d119903d6f4b) Importer(815301076,1909f56bfc062723c751e8b465ee728b)
Start importing Assets/Sun_Temple/Scenes/PrefabBuildingOverview.unity using Guid(0341178c4e71bbd4c8d5d119903d6f4b) Importer(815301076,1909f56bfc062723c751e8b465ee728b)  -> (artifact id: 'a029a1fb46d032b27c22186da8bd9c65') in 0.004278 seconds 
  Import took 0.010494 seconds .

========================================================================
Received Import Request.
  Time since last request: 1303.345755 seconds.
  path: Assets/Scenes/SunTemple_XRRigSetUp.unity
  artifactKey: Guid(5b11a7b1c46694e87bbb0bc5523c253a) Importer(815301076,1909f56bfc062723c751e8b465ee728b)
Start importing Assets/Scenes/SunTemple_XRRigSetUp.unity using Guid(5b11a7b1c46694e87bbb0bc5523c253a) Importer(815301076,1909f56bfc062723c751e8b465ee728b)  -> (artifact id: '00000000000000000000000000000000') in 0.013014 seconds  code(4) message(Build asset version error: assets/scenes/suntemple_xrrigsetup.unity in SourceAssetDB has modification time of '2022-02-11T09:30:23Z' while content on disk has modification time of '2022-02-15T09:14:00Z')
  ERROR: Build asset version error: assets/scenes/suntemple_xrrigsetup.unity in SourceAssetDB has modification time of '2022-02-11T09:30:23Z' while content on disk has modification time of '2022-02-15T09:14:00Z'
  Import took 0.050396 seconds .

========================================================================
Received Import Request.
  Time since last request: 2006.737357 seconds.
  path: 
  artifactKey: Guid(0349b2087ceaf064f92e7cd50b5b7c5e) Importer(815301076,1909f56bfc062723c751e8b465ee728b)
Start importing  using Guid(0349b2087ceaf064f92e7cd50b5b7c5e) Importer(815301076,1909f56bfc062723c751e8b465ee728b)  -> (artifact id: '00000000000000000000000000000000') in 0.000092 seconds  code(3) message(Unknown asset with GUID '0349b2087ceaf064f92e7cd50b5b7c5e')
  ERROR: Unknown asset with GUID '0349b2087ceaf064f92e7cd50b5b7c5e'
  Import took 0.030454 seconds .

========================================================================
Received Import Request.
  Time since last request: 23.007375 seconds.
  path: 
  artifactKey: Guid(005ab0ae8aa7f74438a5fa50f7cd50e3) Importer(815301076,1909f56bfc062723c751e8b465ee728b)
Start importing  using Guid(005ab0ae8aa7f74438a5fa50f7cd50e3) Importer(815301076,1909f56bfc062723c751e8b465ee728b)  -> (artifact id: '00000000000000000000000000000000') in 0.000056 seconds  code(3) message(Unknown asset with GUID '005ab0ae8aa7f74438a5fa50f7cd50e3')
  ERROR: Unknown asset with GUID '005ab0ae8aa7f74438a5fa50f7cd50e3'
  Import took 0.003845 seconds .

========================================================================
Received Import Request.
  Time since last request: 0.909368 seconds.
  path: 
  artifactKey: Guid(165871bb4fa915847973b6955c7a670d) Importer(815301076,1909f56bfc062723c751e8b465ee728b)
Start importing  using Guid(165871bb4fa915847973b6955c7a670d) Importer(815301076,1909f56bfc062723c751e8b465ee728b)  -> (artifact id: '00000000000000000000000000000000') in 0.000070 seconds  code(3) message(Unknown asset with GUID '165871bb4fa915847973b6955c7a670d')
  ERROR: Unknown asset with GUID '165871bb4fa915847973b6955c7a670d'
  Import took 0.005284 seconds .

========================================================================
Received Import Request.
  Time since last request: 0.718953 seconds.
  path: 
  artifactKey: Guid(6c41a6e223fece0458162624394578d6) Importer(815301076,1909f56bfc062723c751e8b465ee728b)
Start importing  using Guid(6c41a6e223fece0458162624394578d6) Importer(815301076,1909f56bfc062723c751e8b465ee728b)  -> (artifact id: '00000000000000000000000000000000') in 0.000076 seconds  code(3) message(Unknown asset with GUID '6c41a6e223fece0458162624394578d6')
  ERROR: Unknown asset with GUID '6c41a6e223fece0458162624394578d6'
  Import took 0.004855 seconds .

========================================================================
Received Import Request.
  Time since last request: 2.494570 seconds.
  path: 
  artifactKey: Guid(d0c255d07fd68f14b94e55d388e7e6bb) Importer(815301076,1909f56bfc062723c751e8b465ee728b)
Start importing  using Guid(d0c255d07fd68f14b94e55d388e7e6bb) Importer(815301076,1909f56bfc062723c751e8b465ee728b)  -> (artifact id: '00000000000000000000000000000000') in 0.000077 seconds  code(3) message(Unknown asset with GUID 'd0c255d07fd68f14b94e55d388e7e6bb')
  ERROR: Unknown asset with GUID 'd0c255d07fd68f14b94e55d388e7e6bb'
  Import took 0.005050 seconds .

========================================================================
Received Import Request.
  Time since last request: 679.760423 seconds.
  path: Assets/Samples/XR Interaction Toolkit/2.0.0-pre.7/Default Input Actions/XRI Default Input Actions.inputactions
  artifactKey: Guid(c348712bda248c246b8c49b3db54643f) Importer(815301076,1909f56bfc062723c751e8b465ee728b)
Start importing Assets/Samples/XR Interaction Toolkit/2.0.0-pre.7/Default Input Actions/XRI Default Input Actions.inputactions using Guid(c348712bda248c246b8c49b3db54643f) Importer(815301076,1909f56bfc062723c751e8b465ee728b) Diagnostics callstack to track who triggered the sub-import:
 #5 ImportAsset(core::hash_map<AssetDatabase::ImporterID, ImporterInfo, core::hash<AssetDatabase::ImporterID>, std::__1::equal_to<AssetDatabase::ImporterID> > const&, dynamic_array<PostprocessorInfo, 0ul> const&, AssetResolveTracker const&, ImportAssetInputs const&, ImportAssetOutputs&, IImportProgress*)
 #6 ImportAssetWithAutoReleasePool(core::hash_map<AssetDatabase::ImporterID, ImporterInfo, core::hash<AssetDatabase::ImporterID>, std::__1::equal_to<AssetDatabase::ImporterID> > const&, dynamic_array<PostprocessorInfo, 0ul> const&, AssetResolveTracker const&, ImportAssetInputs const&, ImportAssetOutputs&, IImportProgress*)
 #7 AssetImportWorker::Import(AssetResolver&, WorkerImportPayload const&, WorkerImportResponse&, IImportProgress*, bool*)
 #8 invocation function for block in AssetImportWorkerClient::HandleMessage(ImportRequestMessage const&)::$_6::operator()() const
 #9 _dispatch_client_callout
 #10 _dispatch_async_and_wait_invoke
 #11 _dispatch_client_callout
 #12 _dispatch_main_queue_callback_4CF
 #13 __CFRUNLOOP_IS_SERVICING_THE_MAIN_DISPATCH_QUEUE__
 #14 __CFRunLoopRun
 #15 CFRunLoopRunSpecific
 #16 RunCurrentEventLoopInMode
 #17 ReceiveNextEventCommon
 #18 _BlockUntilNextEventMatchingListInModeWithFilter
 #19 _DPSNextEvent
 #20 -[NSApplication(NSEvent) _nextEventMatchingEventMask:untilDate:inMode:dequeue:]
 #21 -[NSApplication run]
 #22 NSApplicationMain
 #23 EditorMain(int, char const**)
 #24 main
 #25 ???

Requesting import of Guid(c348712bda248c246b8c49b3db54643f) Importer(-1,00000000000000000000000000000000), Assets/Samples/XR Interaction Toolkit/2.0.0-pre.7/Default Input Actions/XRI Default Input Actions.inputactions from editor
Resuming Guid(c348712bda248c246b8c49b3db54643f) Importer(-1,00000000000000000000000000000000) -> 81f7d1b2f25ca0288617665dc2e1399e 
Assertion failed on expression: 'state.state == kUpToDate'
Assertion failed on expression: 'state.artifactID == result'
Diagnostics callstack to track who triggered the sub-import:
 #5 ImportToObjects(core::basic_string<char, core::StringStorageDefault<char> > const&, core::hash_map<AssetDatabase::ImporterID, ImporterInfo, core::hash<AssetDatabase::ImporterID>, std::__1::equal_to<AssetDatabase::ImporterID> > const&, dynamic_array<PostprocessorInfo, 0ul> const&, AssetResolveTracker const&, ImportAssetInputs const&, ImportAssetOutputs&, IImportProgress*)
 #6 ImportAsset(core::hash_map<AssetDatabase::ImporterID, ImporterInfo, core::hash<AssetDatabase::ImporterID>, std::__1::equal_to<AssetDatabase::ImporterID> > const&, dynamic_array<PostprocessorInfo, 0ul> const&, AssetResolveTracker const&, ImportAssetInputs const&, ImportAssetOutputs&, IImportProgress*)
 #7 ImportAssetWithAutoReleasePool(core::hash_map<AssetDatabase::ImporterID, ImporterInfo, core::hash<AssetDatabase::ImporterID>, std::__1::equal_to<AssetDatabase::ImporterID> > const&, dynamic_array<PostprocessorInfo, 0ul> const&, AssetResolveTracker const&, ImportAssetInputs const&, ImportAssetOutputs&, IImportProgress*)
 #8 AssetImportWorker::Import(AssetResolver&, WorkerImportPayload const&, WorkerImportResponse&, IImportProgress*, bool*)
 #9 invocation function for block in AssetImportWorkerClient::HandleMessage(ImportRequestMessage const&)::$_6::operator()() const
 #10 _dispatch_client_callout
 #11 _dispatch_async_and_wait_invoke
 #12 _dispatch_client_callout
 #13 _dispatch_main_queue_callback_4CF
 #14 __CFRUNLOOP_IS_SERVICING_THE_MAIN_DISPATCH_QUEUE__
 #15 __CFRunLoopRun
 #16 CFRunLoopRunSpecific
 #17 RunCurrentEventLoopInMode
 #18 ReceiveNextEventCommon
 #19 _BlockUntilNextEventMatchingListInModeWithFilter
 #20 _DPSNextEvent
 #21 -[NSApplication(NSEvent) _nextEventMatchingEventMask:untilDate:inMode:dequeue:]
 #22 -[NSApplication run]
 #23 NSApplicationMain
 #24 EditorMain(int, char const**)
 #25 main
 #26 ???

Requesting import of Guid(c348712bda248c246b8c49b3db54643f) Importer(-1,00000000000000000000000000000000), Assets/Samples/XR Interaction Toolkit/2.0.0-pre.7/Default Input Actions/XRI Default Input Actions.inputactions from editor
Resuming Guid(c348712bda248c246b8c49b3db54643f) Importer(-1,00000000000000000000000000000000) -> 81f7d1b2f25ca0288617665dc2e1399e 
Assertion failed on expression: 'state.state == kUpToDate'
Assertion failed on expression: 'state.artifactID == result'
 -> (artifact id: '00000000000000000000000000000000') in 0.299414 seconds  code(4) message(Build asset version error: assets/samples/xr interaction toolkit/2.0.0-pre.7/default input actions/xri default input actions.inputactions in SourceAssetDB has modification time of '2022-02-04T14:44:55Z' while content on disk has modification time of '2022-02-15T10:29:19Z')
  ERROR: Build asset version error: assets/samples/xr interaction toolkit/2.0.0-pre.7/default input actions/xri default input actions.inputactions in SourceAssetDB has modification time of '2022-02-04T14:44:55Z' while content on disk has modification time of '2022-02-15T10:29:19Z'
  Import took 0.308484 seconds .

========================================================================
Received Import Request.
  Time since last request: 108.533971 seconds.
  path: Assets/Samples/XR Interaction Toolkit/2.0.0-pre.7/Default Input Actions/XRI Default Input Actions.inputactions
  artifactKey: Guid(c348712bda248c246b8c49b3db54643f) Importer(815301076,1909f56bfc062723c751e8b465ee728b)
Start importing Assets/Samples/XR Interaction Toolkit/2.0.0-pre.7/Default Input Actions/XRI Default Input Actions.inputactions using Guid(c348712bda248c246b8c49b3db54643f) Importer(815301076,1909f56bfc062723c751e8b465ee728b) Diagnostics callstack to track who triggered the sub-import:
 #5 ImportAsset(core::hash_map<AssetDatabase::ImporterID, ImporterInfo, core::hash<AssetDatabase::ImporterID>, std::__1::equal_to<AssetDatabase::ImporterID> > const&, dynamic_array<PostprocessorInfo, 0ul> const&, AssetResolveTracker const&, ImportAssetInputs const&, ImportAssetOutputs&, IImportProgress*)
 #6 ImportAssetWithAutoReleasePool(core::hash_map<AssetDatabase::ImporterID, ImporterInfo, core::hash<AssetDatabase::ImporterID>, std::__1::equal_to<AssetDatabase::ImporterID> > const&, dynamic_array<PostprocessorInfo, 0ul> const&, AssetResolveTracker const&, ImportAssetInputs const&, ImportAssetOutputs&, IImportProgress*)
 #7 AssetImportWorker::Import(AssetResolver&, WorkerImportPayload const&, WorkerImportResponse&, IImportProgress*, bool*)
 #8 invocation function for block in AssetImportWorkerClient::HandleMessage(ImportRequestMessage const&)::$_6::operator()() const
 #9 _dispatch_client_callout
 #10 _dispatch_async_and_wait_invoke
 #11 _dispatch_client_callout
 #12 _dispatch_main_queue_callback_4CF
 #13 __CFRUNLOOP_IS_SERVICING_THE_MAIN_DISPATCH_QUEUE__
 #14 __CFRunLoopRun
 #15 CFRunLoopRunSpecific
 #16 RunCurrentEventLoopInMode
 #17 ReceiveNextEventCommon
 #18 _BlockUntilNextEventMatchingListInModeWithFilter
 #19 _DPSNextEvent
 #20 -[NSApplication(NSEvent) _nextEventMatchingEventMask:untilDate:inMode:dequeue:]
 #21 -[NSApplication run]
 #22 NSApplicationMain
 #23 EditorMain(int, char const**)
 #24 main
 #25 ???

Requesting import of Guid(c348712bda248c246b8c49b3db54643f) Importer(-1,00000000000000000000000000000000), Assets/Samples/XR Interaction Toolkit/2.0.0-pre.7/Default Input Actions/XRI Default Input Actions.inputactions from editor
Resuming Guid(c348712bda248c246b8c49b3db54643f) Importer(-1,00000000000000000000000000000000) -> 81f7d1b2f25ca0288617665dc2e1399e 
Assertion failed on expression: 'state.state == kUpToDate'
Assertion failed on expression: 'state.artifactID == result'
Diagnostics callstack to track who triggered the sub-import:
 #5 ImportToObjects(core::basic_string<char, core::StringStorageDefault<char> > const&, core::hash_map<AssetDatabase::ImporterID, ImporterInfo, core::hash<AssetDatabase::ImporterID>, std::__1::equal_to<AssetDatabase::ImporterID> > const&, dynamic_array<PostprocessorInfo, 0ul> const&, AssetResolveTracker const&, ImportAssetInputs const&, ImportAssetOutputs&, IImportProgress*)
 #6 ImportAsset(core::hash_map<AssetDatabase::ImporterID, ImporterInfo, core::hash<AssetDatabase::ImporterID>, std::__1::equal_to<AssetDatabase::ImporterID> > const&, dynamic_array<PostprocessorInfo, 0ul> const&, AssetResolveTracker const&, ImportAssetInputs const&, ImportAssetOutputs&, IImportProgress*)
 #7 ImportAssetWithAutoReleasePool(core::hash_map<AssetDatabase::ImporterID, ImporterInfo, core::hash<AssetDatabase::ImporterID>, std::__1::equal_to<AssetDatabase::ImporterID> > const&, dynamic_array<PostprocessorInfo, 0ul> const&, AssetResolveTracker const&, ImportAssetInputs const&, ImportAssetOutputs&, IImportProgress*)
 #8 AssetImportWorker::Import(AssetResolver&, WorkerImportPayload const&, WorkerImportResponse&, IImportProgress*, bool*)
 #9 invocation function for block in AssetImportWorkerClient::HandleMessage(ImportRequestMessage const&)::$_6::operator()() const
 #10 _dispatch_client_callout
 #11 _dispatch_async_and_wait_invoke
 #12 _dispatch_client_callout
 #13 _dispatch_main_queue_callback_4CF
 #14 __CFRUNLOOP_IS_SERVICING_THE_MAIN_DISPATCH_QUEUE__
 #15 __CFRunLoopRun
 #16 CFRunLoopRunSpecific
 #17 RunCurrentEventLoopInMode
 #18 ReceiveNextEventCommon
 #19 _BlockUntilNextEventMatchingListInModeWithFilter
 #20 _DPSNextEvent
 #21 -[NSApplication(NSEvent) _nextEventMatchingEventMask:untilDate:inMode:dequeue:]
 #22 -[NSApplication run]
 #23 NSApplicationMain
 #24 EditorMain(int, char const**)
 #25 main
 #26 ???

Requesting import of Guid(c348712bda248c246b8c49b3db54643f) Importer(-1,00000000000000000000000000000000), Assets/Samples/XR Interaction Toolkit/2.0.0-pre.7/Default Input Actions/XRI Default Input Actions.inputactions from editor
Resuming Guid(c348712bda248c246b8c49b3db54643f) Importer(-1,00000000000000000000000000000000) -> 81f7d1b2f25ca0288617665dc2e1399e 
Assertion failed on expression: 'state.state == kUpToDate'
Assertion failed on expression: 'state.artifactID == result'
 -> (artifact id: '00000000000000000000000000000000') in 0.028384 seconds  code(4) message(Build asset version error: assets/samples/xr interaction toolkit/2.0.0-pre.7/default input actions/xri default input actions.inputactions in SourceAssetDB has modification time of '2022-02-04T14:44:55Z' while content on disk has modification time of '2022-02-15T10:29:19Z')
  ERROR: Build asset version error: assets/samples/xr interaction toolkit/2.0.0-pre.7/default input actions/xri default input actions.inputactions in SourceAssetDB has modification time of '2022-02-04T14:44:55Z' while content on disk has modification time of '2022-02-15T10:29:19Z'
  Import took 0.035034 seconds .

========================================================================
Received Import Request.
  Time since last request: 8.227344 seconds.
  path: 
  artifactKey: Guid(64b95847a319f4542b2cc2f20ae176c5) Importer(815301076,1909f56bfc062723c751e8b465ee728b)
Start importing  using Guid(64b95847a319f4542b2cc2f20ae176c5) Importer(815301076,1909f56bfc062723c751e8b465ee728b)  -> (artifact id: '00000000000000000000000000000000') in 0.000048 seconds  code(3) message(Unknown asset with GUID '64b95847a319f4542b2cc2f20ae176c5')
  ERROR: Unknown asset with GUID '64b95847a319f4542b2cc2f20ae176c5'
  Import took 0.005010 seconds .

========================================================================
Received Import Request.
  Time since last request: 29.234213 seconds.
  path: 
  artifactKey: Guid(5511da15c7e464144bd7c7585ef4544f) Importer(815301076,1909f56bfc062723c751e8b465ee728b)
Start importing  using Guid(5511da15c7e464144bd7c7585ef4544f) Importer(815301076,1909f56bfc062723c751e8b465ee728b)  -> (artifact id: '00000000000000000000000000000000') in 0.000039 seconds  code(3) message(Unknown asset with GUID '5511da15c7e464144bd7c7585ef4544f')
  ERROR: Unknown asset with GUID '5511da15c7e464144bd7c7585ef4544f'
  Import took 0.003332 seconds .

========================================================================
Received Prepare
Registering precompiled user dll's ...
Registered in 0.006382 seconds.
Begin MonoManager ReloadAssembly
Native extension for OSXStandalone target not found
Refreshing native plugins compatible for Editor in 1.88 ms, found 3 plugins.
Preloading 1 native plugins for Editor in 1.10 ms.
2022-02-15 17:01:56.344 Unity[3208:118967] NSEventModifierFlagFunction specified to -setKeyEquivalentModifierMask: for item <NSMenuItem: 0x600000d7ad80 Font Asset, ke='Command-F12'>, but is only supported for system-provided menu items; will not be used
Mono: successfully reloaded assembly
- Completed reload, in  1.590 seconds
Domain Reload Profiling:
	ReloadAssembly (1595ms)
		BeginReloadAssembly (256ms)
			ExecutionOrderSort (0ms)
			DisableScriptedObjects (16ms)
			BackupInstance (0ms)
			ReleaseScriptingObjects (0ms)
			CreateAndSetChildDomain (143ms)
		EndReloadAssembly (1254ms)
			LoadAssemblies (104ms)
			RebuildTransferFunctionScriptingTraits (0ms)
			SetupTypeCache (451ms)
			ReleaseScriptCaches (3ms)
			RebuildScriptCaches (65ms)
			SetupLoadedEditorAssemblies (467ms)
				LogAssemblyErrors (0ms)
				InitializePlatformSupportModulesInManaged (5ms)
				SetLoadedEditorAssemblies (1ms)
				RefreshPlugins (3ms)
				BeforeProcessingInitializeOnLoad (144ms)
				ProcessInitializeOnLoadAttributes (301ms)
				ProcessInitializeOnLoadMethodAttributes (10ms)
				AfterProcessingInitializeOnLoad (2ms)
				EditorAssembliesLoaded (0ms)
			ExecutionOrderSort2 (0ms)
			AwakeInstancesAfterBackupRestoration (8ms)
Platform modules already initialized, skipping
Switching build target platform(2) subTarget(0) extendedPlatform(0) -> platform(13) subTarget(524294) extendedPlatform(0)
Refreshing native plugins compatible for Editor in 1.04 ms, found 3 plugins.
Preloading 1 native plugins for Editor in 0.32 ms.
Unloading 2314 Unused Serialized files (Serialized files now loaded: 0)
System memory in use before: 258.5 MB.
System memory in use after: 258.3 MB.

Unloading 19 unused Assets to reduce memory usage. Loaded Objects now: 2858.
Total: 6.341884 ms (FindLiveObjects: 0.693349 ms CreateObjectMapping: 0.098298 ms MarkObjects: 5.281500 ms  DeleteObjects: 0.267773 ms)

AssetImportParameters requested are different than current active one (requested -> active):
  custom:video-decoder-ogg-theora: a1e56fd34408186e4bbccfd4996cb3dc -> 
  custom:container-muxer-webm: aa71ff27fc2769a1b78a27578f13a17b -> 
  custom:container-demuxer-webm: 4f35f7cbe854078d1ac9338744f61a02 -> 
  custom:container-demuxer-ogg: 62fdf1f143b41e24485cea50d1cbac27 -> 
  custom:video-encoder-webm-vp8: eb34c28f22e8b96e1ab97ce403110664 -> 
  custom:framework-osx-AVFoundation: e770b220cccbd017edd2c1fefb359320 -> 
  custom:video-decoder-webm-vp8: 9c59270c3fd7afecdb556c50c9e8de78 -> 
  custom:graphics/normal-map-encoding: 01000000000000000000000000000000 -> 02000000000000000000000000000000
  custom:audio-decoder-ogg-vorbis: bf7c407c2cedff20999df2af8eb42d56 -> 
  custom:audio-encoder-webm-vorbis: bf7c407c2cedff20999df2af8eb42d56 -> 
========================================================================
Received Import Request.
  Time since last request: 11.255092 seconds.
  path: 
  artifactKey: Guid(5511da15c7e464144bd7c7585ef4544f) Importer(815301076,1909f56bfc062723c751e8b465ee728b)
Start importing  using Guid(5511da15c7e464144bd7c7585ef4544f) Importer(815301076,1909f56bfc062723c751e8b465ee728b)  -> (artifact id: '00000000000000000000000000000000') in 0.000047 seconds  code(3) message(Unknown asset with GUID '5511da15c7e464144bd7c7585ef4544f')
  ERROR: Unknown asset with GUID '5511da15c7e464144bd7c7585ef4544f'
  Import took 0.003144 seconds .

========================================================================
Received Import Request.
  Time since last request: 310.236480 seconds.
  path: 
  artifactKey: Guid(5511da15c7e464144bd7c7585ef4544f) Importer(815301076,1909f56bfc062723c751e8b465ee728b)
Start importing  using Guid(5511da15c7e464144bd7c7585ef4544f) Importer(815301076,1909f56bfc062723c751e8b465ee728b)  -> (artifact id: '00000000000000000000000000000000') in 0.000156 seconds  code(3) message(Unknown asset with GUID '5511da15c7e464144bd7c7585ef4544f')
  ERROR: Unknown asset with GUID '5511da15c7e464144bd7c7585ef4544f'
  Import took 0.039017 seconds .

========================================================================
Received Prepare
Registering precompiled user dll's ...
Registered in 0.006952 seconds.
Begin MonoManager ReloadAssembly
Native extension for OSXStandalone target not found
Refreshing native plugins compatible for Editor in 0.86 ms, found 3 plugins.
Preloading 1 native plugins for Editor in 0.45 ms.
2022-02-15 17:08:24.546 Unity[3208:118967] NSEventModifierFlagFunction specified to -setKeyEquivalentModifierMask: for item <NSMenuItem: 0x600000d5c770 Font Asset, ke='Command-F12'>, but is only supported for system-provided menu items; will not be used
Mono: successfully reloaded assembly
- Completed reload, in  1.481 seconds
Domain Reload Profiling:
	ReloadAssembly (1483ms)
		BeginReloadAssembly (229ms)
			ExecutionOrderSort (0ms)
			DisableScriptedObjects (11ms)
			BackupInstance (0ms)
			ReleaseScriptingObjects (0ms)
			CreateAndSetChildDomain (114ms)
		EndReloadAssembly (1184ms)
			LoadAssemblies (120ms)
			RebuildTransferFunctionScriptingTraits (0ms)
			SetupTypeCache (408ms)
			ReleaseScriptCaches (1ms)
			RebuildScriptCaches (62ms)
			SetupLoadedEditorAssemblies (456ms)
				LogAssemblyErrors (0ms)
				InitializePlatformSupportModulesInManaged (4ms)
				SetLoadedEditorAssemblies (1ms)
				RefreshPlugins (1ms)
				BeforeProcessingInitializeOnLoad (143ms)
				ProcessInitializeOnLoadAttributes (295ms)
				ProcessInitializeOnLoadMethodAttributes (11ms)
				AfterProcessingInitializeOnLoad (1ms)
				EditorAssembliesLoaded (0ms)
			ExecutionOrderSort2 (0ms)
			AwakeInstancesAfterBackupRestoration (7ms)
Platform modules already initialized, skipping
Switching build target platform(2) subTarget(0) extendedPlatform(0) -> platform(13) subTarget(524294) extendedPlatform(0)
Refreshing native plugins compatible for Editor in 0.71 ms, found 3 plugins.
Preloading 1 native plugins for Editor in 0.31 ms.
Unloading 2314 Unused Serialized files (Serialized files now loaded: 0)
System memory in use before: 258.7 MB.
System memory in use after: 258.6 MB.

Unloading 19 unused Assets to reduce memory usage. Loaded Objects now: 2861.
Total: 3.739572 ms (FindLiveObjects: 0.305384 ms CreateObjectMapping: 0.099356 ms MarkObjects: 3.067793 ms  DeleteObjects: 0.266197 ms)

AssetImportParameters requested are different than current active one (requested -> active):
  custom:video-decoder-ogg-theora: a1e56fd34408186e4bbccfd4996cb3dc -> 
  custom:container-muxer-webm: aa71ff27fc2769a1b78a27578f13a17b -> 
  custom:container-demuxer-webm: 4f35f7cbe854078d1ac9338744f61a02 -> 
  custom:container-demuxer-ogg: 62fdf1f143b41e24485cea50d1cbac27 -> 
  custom:video-encoder-webm-vp8: eb34c28f22e8b96e1ab97ce403110664 -> 
  custom:framework-osx-AVFoundation: e770b220cccbd017edd2c1fefb359320 -> 
  custom:video-decoder-webm-vp8: 9c59270c3fd7afecdb556c50c9e8de78 -> 
  custom:graphics/normal-map-encoding: 01000000000000000000000000000000 -> 02000000000000000000000000000000
  custom:audio-decoder-ogg-vorbis: bf7c407c2cedff20999df2af8eb42d56 -> 
  custom:audio-encoder-webm-vorbis: bf7c407c2cedff20999df2af8eb42d56 -> 
========================================================================
Received Import Request.
  Time since last request: 79.044378 seconds.
  path: 
  artifactKey: Guid(5511da15c7e464144bd7c7585ef4544f) Importer(815301076,1909f56bfc062723c751e8b465ee728b)
Start importing  using Guid(5511da15c7e464144bd7c7585ef4544f) Importer(815301076,1909f56bfc062723c751e8b465ee728b)  -> (artifact id: '00000000000000000000000000000000') in 0.000074 seconds  code(3) message(Unknown asset with GUID '5511da15c7e464144bd7c7585ef4544f')
  ERROR: Unknown asset with GUID '5511da15c7e464144bd7c7585ef4544f'
  Import took 0.003844 seconds .

========================================================================
Received Prepare
Registering precompiled user dll's ...
Registered in 0.009026 seconds.
Begin MonoManager ReloadAssembly
Native extension for OSXStandalone target not found
Refreshing native plugins compatible for Editor in 1.05 ms, found 3 plugins.
Preloading 1 native plugins for Editor in 0.54 ms.
2022-02-15 17:10:02.433 Unity[3208:118967] NSEventModifierFlagFunction specified to -setKeyEquivalentModifierMask: for item <NSMenuItem: 0x600000d31960 Font Asset, ke='Command-F12'>, but is only supported for system-provided menu items; will not be used
Mono: successfully reloaded assembly
- Completed reload, in  1.515 seconds
Domain Reload Profiling:
	ReloadAssembly (1516ms)
		BeginReloadAssembly (131ms)
			ExecutionOrderSort (0ms)
			DisableScriptedObjects (6ms)
			BackupInstance (0ms)
			ReleaseScriptingObjects (0ms)
			CreateAndSetChildDomain (58ms)
		EndReloadAssembly (1312ms)
			LoadAssemblies (100ms)
			RebuildTransferFunctionScriptingTraits (0ms)
			SetupTypeCache (449ms)
			ReleaseScriptCaches (1ms)
			RebuildScriptCaches (67ms)
			SetupLoadedEditorAssemblies (490ms)
				LogAssemblyErrors (0ms)
				InitializePlatformSupportModulesInManaged (7ms)
				SetLoadedEditorAssemblies (1ms)
				RefreshPlugins (2ms)
				BeforeProcessingInitializeOnLoad (141ms)
				ProcessInitializeOnLoadAttributes (323ms)
				ProcessInitializeOnLoadMethodAttributes (14ms)
				AfterProcessingInitializeOnLoad (2ms)
				EditorAssembliesLoaded (0ms)
			ExecutionOrderSort2 (0ms)
			AwakeInstancesAfterBackupRestoration (17ms)
Platform modules already initialized, skipping
Switching build target platform(2) subTarget(0) extendedPlatform(0) -> platform(13) subTarget(524294) extendedPlatform(0)
Refreshing native plugins compatible for Editor in 0.78 ms, found 3 plugins.
Preloading 1 native plugins for Editor in 0.33 ms.
Unloading 2314 Unused Serialized files (Serialized files now loaded: 0)
System memory in use before: 258.9 MB.
System memory in use after: 258.8 MB.

Unloading 19 unused Assets to reduce memory usage. Loaded Objects now: 2864.
Total: 3.419962 ms (FindLiveObjects: 0.198765 ms CreateObjectMapping: 0.095946 ms MarkObjects: 2.881587 ms  DeleteObjects: 0.242823 ms)

AssetImportParameters requested are different than current active one (requested -> active):
  custom:video-decoder-ogg-theora: a1e56fd34408186e4bbccfd4996cb3dc -> 
  custom:container-muxer-webm: aa71ff27fc2769a1b78a27578f13a17b -> 
  custom:container-demuxer-webm: 4f35f7cbe854078d1ac9338744f61a02 -> 
  custom:container-demuxer-ogg: 62fdf1f143b41e24485cea50d1cbac27 -> 
  custom:video-encoder-webm-vp8: eb34c28f22e8b96e1ab97ce403110664 -> 
  custom:framework-osx-AVFoundation: e770b220cccbd017edd2c1fefb359320 -> 
  custom:video-decoder-webm-vp8: 9c59270c3fd7afecdb556c50c9e8de78 -> 
  custom:graphics/normal-map-encoding: 01000000000000000000000000000000 -> 02000000000000000000000000000000
  custom:audio-decoder-ogg-vorbis: bf7c407c2cedff20999df2af8eb42d56 -> 
  custom:audio-encoder-webm-vorbis: bf7c407c2cedff20999df2af8eb42d56 -> 
========================================================================
Received Import Request.
  Time since last request: 96.685180 seconds.
  path: 
  artifactKey: Guid(5511da15c7e464144bd7c7585ef4544f) Importer(815301076,1909f56bfc062723c751e8b465ee728b)
Start importing  using Guid(5511da15c7e464144bd7c7585ef4544f) Importer(815301076,1909f56bfc062723c751e8b465ee728b)  -> (artifact id: '00000000000000000000000000000000') in 0.000025 seconds  code(3) message(Unknown asset with GUID '5511da15c7e464144bd7c7585ef4544f')
  ERROR: Unknown asset with GUID '5511da15c7e464144bd7c7585ef4544f'
  Import took 0.002806 seconds .

